<?xml version="1.0" encoding="UTF-8"?>
<!-- Generated by org.testng.reporters.JUnitXMLReporter -->
<testsuite ignored="0" hostname="Sonali-PC" failures="4" tests="10" name="primefaces_Element_Selections" time="135.806" errors="0" timestamp="13 Jan 2020 22:18:05 GMT">
  <testcase classname="com.lean.qa.TestCases.primefacesFormElementSelectionsTest" name="testVerifyTitle" time="0.036"/>
  <testcase classname="com.lean.qa.TestCases.primefacesFormElementSelectionsTest" name="testInputText" time="0.775"/>
  <testcase classname="com.lean.qa.TestCases.primefacesFormElementSelectionsTest" name="testInputNameInvalid" time="0.302">
    <failure type="java.lang.AssertionError" message="Please enter correct name in Name field expected [Sonali$%^&amp;amp;1542] but found [Sona]">
      <![CDATA[java.lang.AssertionError: Please enter correct name in Name field expected [Sonali$%^&1542] but found [Sona]
at com.lean.qa.TestCases.primefacesFormElementSelectionsTest.testInputNameInvalid(primefacesFormElementSelectionsTest.java:78)
... Removed 30 stack frames]]>
    </failure>
  </testcase> <!-- testInputNameInvalid -->
  <testcase classname="com.lean.qa.TestCases.primefacesFormElementSelectionsTest" name="testInputEmailInvalid" time="0.374">
    <failure type="java.lang.AssertionError" message="Please enter correct email in Email field expected [sonalipatel.com] but found [sonapatel@gmail.com]">
      <![CDATA[java.lang.AssertionError: Please enter correct email in Email field expected [sonalipatel.com] but found [sonapatel@gmail.com]
at com.lean.qa.TestCases.primefacesFormElementSelectionsTest.testInputEmailInvalid(primefacesFormElementSelectionsTest.java:88)
... Removed 30 stack frames]]>
    </failure>
  </testcase> <!-- testInputEmailInvalid -->
  <testcase classname="com.lean.qa.TestCases.primefacesFormElementSelectionsTest" name="testInputPhoneInvalid" time="0.296">
    <failure type="java.lang.AssertionError" message="Please enter correct phone in Phone field expected [519ghbj7%^&amp;amp;] but found [5193183737]">
      <![CDATA[java.lang.AssertionError: Please enter correct phone in Phone field expected [519ghbj7%^&] but found [5193183737]
at com.lean.qa.TestCases.primefacesFormElementSelectionsTest.testInputPhoneInvalid(primefacesFormElementSelectionsTest.java:98)
... Removed 30 stack frames]]>
    </failure>
  </testcase> <!-- testInputPhoneInvalid -->
  <testcase classname="com.lean.qa.TestCases.primefacesFormElementSelectionsTest" name="testCheckboxes" time="0.185"/>
  <testcase classname="com.lean.qa.TestCases.primefacesFormElementSelectionsTest" name="testRadioButtons" time="3.166"/>
  <testcase classname="com.lean.qa.TestCases.primefacesFormElementSelectionsTest" name="testSelectOneMenu" time="0.314"/>
  <testcase classname="com.lean.qa.TestCases.primefacesFormElementSelectionsTest" name="testEnterDate" time="0.077"/>
  <testcase classname="com.lean.qa.TestCases.primefacesFormElementSelectionsTest" name="testSelectDate" time="28.618">
    <failure type="org.openqa.selenium.ElementClickInterceptedException" message="element click intercepted: Element &amp;lt;a class=&amp;quot;ui-datepicker-next ui-corner-all&amp;quot; data-handler=&amp;quot;next&amp;quot; data-event=&amp;quot;click&amp;quot; title=&amp;quot;Next&amp;quot;&amp;gt;...&amp;lt;/a&amp;gt; is not clickable at point (511, 12). Other element would receive the click: &amp;lt;div class=&amp;quot;topbar-right&amp;quot;&amp;gt;...&amp;lt;/div&amp;gt;
  (Session info: chrome=79.0.3945.117)
Build info: version: &amp;apos;3.14.0&amp;apos;, revision: &amp;apos;aacccce0&amp;apos;, time: &amp;apos;2018-08-02T20:19:58.91Z&amp;apos;
System info: host: &amp;apos;SONALI-PC&amp;apos;, ip: &amp;apos;192.168.138.1&amp;apos;, os.name: &amp;apos;Windows 10&amp;apos;, os.arch: &amp;apos;amd64&amp;apos;, os.version: &amp;apos;10.0&amp;apos;, java.version: &amp;apos;10.0.1&amp;apos;
Driver info: org.openqa.selenium.chrome.ChromeDriver
Capabilities {acceptInsecureCerts: false, browserName: chrome, browserVersion: 79.0.3945.117, chrome: {chromedriverVersion: 79.0.3945.36 (3582db32b3389..., userDataDir: C:\Users\sonal\AppData\Loca...}, goog:chromeOptions: {debuggerAddress: localhost:55194}, javascriptEnabled: true, networkConnectionEnabled: false, pageLoadStrategy: normal, platform: WINDOWS, platformName: WINDOWS, proxy: Proxy(), setWindowRect: true, strictFileInteractability: false, timeouts: {implicit: 0, pageLoad: 300000, script: 30000}, unhandledPromptBehavior: dismiss and notify}
Session ID: 04b1133d6cc14d8eb2daccbb6560c110">
      <![CDATA[org.openqa.selenium.ElementClickInterceptedException: element click intercepted: Element <a class="ui-datepicker-next ui-corner-all" data-handler="next" data-event="click" title="Next">...</a> is not clickable at point (511, 12). Other element would receive the click: <div class="topbar-right">...</div>
  (Session info: chrome=79.0.3945.117)
Build info: version: '3.14.0', revision: 'aacccce0', time: '2018-08-02T20:19:58.91Z'
System info: host: 'SONALI-PC', ip: '192.168.138.1', os.name: 'Windows 10', os.arch: 'amd64', os.version: '10.0', java.version: '10.0.1'
Driver info: org.openqa.selenium.chrome.ChromeDriver
Capabilities {acceptInsecureCerts: false, browserName: chrome, browserVersion: 79.0.3945.117, chrome: {chromedriverVersion: 79.0.3945.36 (3582db32b3389..., userDataDir: C:\Users\sonal\AppData\Loca...}, goog:chromeOptions: {debuggerAddress: localhost:55194}, javascriptEnabled: true, networkConnectionEnabled: false, pageLoadStrategy: normal, platform: WINDOWS, platformName: WINDOWS, proxy: Proxy(), setWindowRect: true, strictFileInteractability: false, timeouts: {implicit: 0, pageLoad: 300000, script: 30000}, unhandledPromptBehavior: dismiss and notify}
Session ID: 04b1133d6cc14d8eb2daccbb6560c110
at org.openqa.selenium.remote.http.W3CHttpResponseCodec.createException(W3CHttpResponseCodec.java:187)
at org.openqa.selenium.remote.http.W3CHttpResponseCodec.decode(W3CHttpResponseCodec.java:122)
at org.openqa.selenium.remote.http.W3CHttpResponseCodec.decode(W3CHttpResponseCodec.java:49)
at org.openqa.selenium.remote.HttpCommandExecutor.execute(HttpCommandExecutor.java:158)
at org.openqa.selenium.remote.service.DriverCommandExecutor.execute(DriverCommandExecutor.java:83)
at org.openqa.selenium.remote.RemoteWebDriver.execute(RemoteWebDriver.java:548)
at org.openqa.selenium.remote.RemoteWebElement.execute(RemoteWebElement.java:276)
at org.openqa.selenium.remote.RemoteWebElement.click(RemoteWebElement.java:83)
at com.lean.qa.TestCases.primefacesFormElementSelectionsTest.testSelectDate(primefacesFormElementSelectionsTest.java:247)
... Removed 29 stack frames]]>
    </failure>
  </testcase> <!-- testSelectDate -->
</testsuite> <!-- primefaces_Element_Selections -->
