<?xml version="1.0" encoding="UTF-8"?>
<testng-results ignored="0" total="7" passed="6" failed="1" skipped="0">
  <reporter-output>
  </reporter-output>
  <suite started-at="2020-01-23T20:00:26Z" name="Default suite" finished-at="2020-01-23T20:02:11Z" duration-ms="104902">
    <groups>
    </groups>
    <test started-at="2020-01-23T20:00:26Z" name="Default test" finished-at="2020-01-23T20:02:11Z" duration-ms="104902">
      <class name="com.lean.qa.TestCases.primefacesLoginTest">
        <test-method is-config="true" signature="setUp()[pri:0, instance:com.lean.qa.TestCases.primefacesLoginTest@f381794]" started-at="2020-01-23T20:00:26Z" name="setUp" finished-at="2020-01-23T20:00:42Z" duration-ms="16104" status="PASS">
          <reporter-output>
          </reporter-output>
        </test-method> <!-- setUp -->
        <test-method signature="verifyLoginLogoDisplay()[pri:1, instance:com.lean.qa.TestCases.primefacesLoginTest@f381794]" started-at="2020-01-23T20:00:42Z" name="verifyLoginLogoDisplay" finished-at="2020-01-23T20:00:42Z" duration-ms="364" status="PASS">
          <reporter-output>
          </reporter-output>
        </test-method> <!-- verifyLoginLogoDisplay -->
        <test-method is-config="true" signature="tearDown()[pri:0, instance:com.lean.qa.TestCases.primefacesLoginTest@f381794]" started-at="2020-01-23T20:00:42Z" name="tearDown" finished-at="2020-01-23T20:00:44Z" duration-ms="1210" status="PASS">
          <reporter-output>
          </reporter-output>
        </test-method> <!-- tearDown -->
        <test-method is-config="true" signature="setUp()[pri:0, instance:com.lean.qa.TestCases.primefacesLoginTest@f381794]" started-at="2020-01-23T20:00:44Z" name="setUp" finished-at="2020-01-23T20:00:57Z" duration-ms="13013" status="PASS">
          <reporter-output>
          </reporter-output>
        </test-method> <!-- setUp -->
        <test-method signature="verifyUsernameDisplay()[pri:3, instance:com.lean.qa.TestCases.primefacesLoginTest@f381794]" started-at="2020-01-23T20:00:57Z" name="verifyUsernameDisplay" finished-at="2020-01-23T20:00:57Z" duration-ms="161" status="PASS">
          <reporter-output>
          </reporter-output>
        </test-method> <!-- verifyUsernameDisplay -->
        <test-method is-config="true" signature="tearDown()[pri:0, instance:com.lean.qa.TestCases.primefacesLoginTest@f381794]" started-at="2020-01-23T20:00:57Z" name="tearDown" finished-at="2020-01-23T20:00:58Z" duration-ms="1189" status="PASS">
          <reporter-output>
          </reporter-output>
        </test-method> <!-- tearDown -->
        <test-method is-config="true" signature="setUp()[pri:0, instance:com.lean.qa.TestCases.primefacesLoginTest@f381794]" started-at="2020-01-23T20:00:58Z" name="setUp" finished-at="2020-01-23T20:01:13Z" duration-ms="15336" status="PASS">
          <reporter-output>
          </reporter-output>
        </test-method> <!-- setUp -->
        <test-method signature="verifyPasswordDisplay()[pri:4, instance:com.lean.qa.TestCases.primefacesLoginTest@f381794]" started-at="2020-01-23T20:01:13Z" name="verifyPasswordDisplay" finished-at="2020-01-23T20:01:13Z" duration-ms="153" status="PASS">
          <reporter-output>
          </reporter-output>
        </test-method> <!-- verifyPasswordDisplay -->
        <test-method is-config="true" signature="tearDown()[pri:0, instance:com.lean.qa.TestCases.primefacesLoginTest@f381794]" started-at="2020-01-23T20:01:13Z" name="tearDown" finished-at="2020-01-23T20:01:15Z" duration-ms="1186" status="PASS">
          <reporter-output>
          </reporter-output>
        </test-method> <!-- tearDown -->
        <test-method is-config="true" signature="setUp()[pri:0, instance:com.lean.qa.TestCases.primefacesLoginTest@f381794]" started-at="2020-01-23T20:01:15Z" name="setUp" finished-at="2020-01-23T20:01:28Z" duration-ms="13662" status="PASS">
          <reporter-output>
          </reporter-output>
        </test-method> <!-- setUp -->
        <test-method signature="loginTest()[pri:5, instance:com.lean.qa.TestCases.primefacesLoginTest@f381794]" started-at="2020-01-23T20:01:28Z" name="loginTest" finished-at="2020-01-23T20:01:29Z" duration-ms="401" status="PASS">
          <reporter-output>
          </reporter-output>
        </test-method> <!-- loginTest -->
        <test-method is-config="true" signature="tearDown()[pri:0, instance:com.lean.qa.TestCases.primefacesLoginTest@f381794]" started-at="2020-01-23T20:01:29Z" name="tearDown" finished-at="2020-01-23T20:01:30Z" duration-ms="1180" status="PASS">
          <reporter-output>
          </reporter-output>
        </test-method> <!-- tearDown -->
        <test-method is-config="true" signature="setUp()[pri:0, instance:com.lean.qa.TestCases.primefacesLoginTest@f381794]" started-at="2020-01-23T20:01:30Z" name="setUp" finished-at="2020-01-23T20:01:42Z" duration-ms="12545" status="PASS">
          <reporter-output>
          </reporter-output>
        </test-method> <!-- setUp -->
        <test-method signature="loginTest1()[pri:6, instance:com.lean.qa.TestCases.primefacesLoginTest@f381794]" started-at="2020-01-23T20:01:42Z" name="loginTest1" finished-at="2020-01-23T20:01:43Z" duration-ms="434" status="PASS">
          <reporter-output>
          </reporter-output>
        </test-method> <!-- loginTest1 -->
        <test-method is-config="true" signature="tearDown()[pri:0, instance:com.lean.qa.TestCases.primefacesLoginTest@f381794]" started-at="2020-01-23T20:01:43Z" name="tearDown" finished-at="2020-01-23T20:01:44Z" duration-ms="1154" status="PASS">
          <reporter-output>
          </reporter-output>
        </test-method> <!-- tearDown -->
        <test-method is-config="true" signature="setUp()[pri:0, instance:com.lean.qa.TestCases.primefacesLoginTest@f381794]" started-at="2020-01-23T20:01:44Z" name="setUp" finished-at="2020-01-23T20:01:54Z" duration-ms="10406" status="PASS">
          <reporter-output>
          </reporter-output>
        </test-method> <!-- setUp -->
        <test-method signature="loginTest3()[pri:7, instance:com.lean.qa.TestCases.primefacesLoginTest@f381794]" started-at="2020-01-23T20:01:54Z" name="loginTest3" finished-at="2020-01-23T20:01:55Z" duration-ms="290" status="PASS">
          <reporter-output>
          </reporter-output>
        </test-method> <!-- loginTest3 -->
        <test-method is-config="true" signature="tearDown()[pri:0, instance:com.lean.qa.TestCases.primefacesLoginTest@f381794]" started-at="2020-01-23T20:01:55Z" name="tearDown" finished-at="2020-01-23T20:01:56Z" duration-ms="1140" status="PASS">
          <reporter-output>
          </reporter-output>
        </test-method> <!-- tearDown -->
        <test-method is-config="true" signature="setUp()[pri:0, instance:com.lean.qa.TestCases.primefacesLoginTest@f381794]" started-at="2020-01-23T20:01:56Z" name="setUp" finished-at="2020-01-23T20:02:07Z" duration-ms="11535" status="PASS">
          <reporter-output>
          </reporter-output>
        </test-method> <!-- setUp -->
        <test-method signature="verifyloginTest()[pri:8, instance:com.lean.qa.TestCases.primefacesLoginTest@f381794]" started-at="2020-01-23T20:02:07Z" name="verifyloginTest" finished-at="2020-01-23T20:02:10Z" duration-ms="2169" status="FAIL">
          <exception class="java.lang.AssertionError">
            <message>
              <![CDATA[expected [] but found [admin]]]>
            </message>
            <full-stacktrace>
              <![CDATA[java.lang.AssertionError: expected [] but found [admin]
at org.testng.Assert.fail(Assert.java:96)
at org.testng.Assert.failNotEquals(Assert.java:776)
at org.testng.Assert.assertEqualsImpl(Assert.java:137)
at org.testng.Assert.assertEquals(Assert.java:118)
at org.testng.Assert.assertEquals(Assert.java:453)
at org.testng.Assert.assertEquals(Assert.java:463)
at com.lean.qa.TestCases.primefacesLoginTest.verifyloginTest(primefacesLoginTest.java:81)
at java.base/jdk.internal.reflect.NativeMethodAccessorImpl.invoke0(Native Method)
at java.base/jdk.internal.reflect.NativeMethodAccessorImpl.invoke(NativeMethodAccessorImpl.java:62)
at java.base/jdk.internal.reflect.DelegatingMethodAccessorImpl.invoke(DelegatingMethodAccessorImpl.java:43)
at java.base/java.lang.reflect.Method.invoke(Method.java:564)
at org.testng.internal.MethodInvocationHelper.invokeMethod(MethodInvocationHelper.java:124)
at org.testng.internal.Invoker.invokeMethod(Invoker.java:583)
at org.testng.internal.Invoker.invokeTestMethod(Invoker.java:719)
at org.testng.internal.Invoker.invokeTestMethods(Invoker.java:989)
at org.testng.internal.TestMethodWorker.invokeTestMethods(TestMethodWorker.java:125)
at org.testng.internal.TestMethodWorker.run(TestMethodWorker.java:109)
at org.testng.TestRunner.privateRun(TestRunner.java:648)
at org.testng.TestRunner.run(TestRunner.java:505)
at org.testng.SuiteRunner.runTest(SuiteRunner.java:455)
at org.testng.SuiteRunner.runSequentially(SuiteRunner.java:450)
at org.testng.SuiteRunner.privateRun(SuiteRunner.java:415)
at org.testng.SuiteRunner.run(SuiteRunner.java:364)
at org.testng.SuiteRunnerWorker.runSuite(SuiteRunnerWorker.java:52)
at org.testng.SuiteRunnerWorker.run(SuiteRunnerWorker.java:84)
at org.testng.TestNG.runSuitesSequentially(TestNG.java:1208)
at org.testng.TestNG.runSuitesLocally(TestNG.java:1137)
at org.testng.TestNG.runSuites(TestNG.java:1049)
at org.testng.TestNG.run(TestNG.java:1017)
at org.testng.remote.AbstractRemoteTestNG.run(AbstractRemoteTestNG.java:115)
at org.testng.remote.RemoteTestNG.initAndRun(RemoteTestNG.java:251)
at org.testng.remote.RemoteTestNG.main(RemoteTestNG.java:77)
]]>
            </full-stacktrace>
          </exception> <!-- java.lang.AssertionError -->
          <reporter-output>
          </reporter-output>
        </test-method> <!-- verifyloginTest -->
        <test-method is-config="true" signature="tearDown()[pri:0, instance:com.lean.qa.TestCases.primefacesLoginTest@f381794]" started-at="2020-01-23T20:02:10Z" name="tearDown" finished-at="2020-01-23T20:02:11Z" duration-ms="1176" status="PASS">
          <reporter-output>
          </reporter-output>
        </test-method> <!-- tearDown -->
      </class> <!-- com.lean.qa.TestCases.primefacesLoginTest -->
    </test> <!-- Default test -->
  </suite> <!-- Default suite -->
</testng-results>
